\BOOKMARK [0][-]{Doc-Start}{Abstract}{}% 1
\BOOKMARK [0][-]{chapter*.1}{Acknowledgments}{}% 2
\BOOKMARK [0][-]{chapter*.2}{Dedication}{}% 3
\BOOKMARK [0][-]{chapter*.4}{List of Tables}{}% 4
\BOOKMARK [0][-]{chapter*.5}{List of Figures}{}% 5
\BOOKMARK [0][-]{chapter.1}{Introduction}{}% 6
\BOOKMARK [0][-]{figure.caption.8}{I The DFT+DMFT Method}{}% 7
\BOOKMARK [0][-]{chapter.2}{Density Functional Theory}{}% 8
\BOOKMARK [0][-]{chapter.3}{Dynamical Mean Field Theory}{}% 9
\BOOKMARK [1][-]{section.3.1}{Basics of DMFT}{chapter.3}% 10
\BOOKMARK [0][-]{chapter.4}{DFT+DMFT}{}% 11
\BOOKMARK [1][-]{section.4.1}{A functional Reformulation of DMFT}{chapter.4}% 12
\BOOKMARK [1][-]{section.4.2}{Merging DFT with DMFT}{chapter.4}% 13
\BOOKMARK [0][-]{chapter.5}{Continuous Time Quantum Monte Carlo Impurity Solver}{}% 14
\BOOKMARK [1][-]{section.5.1}{Introduction}{chapter.5}% 15
\BOOKMARK [1][-]{section.5.2}{Details of the Algorithm}{chapter.5}% 16
\BOOKMARK [0][-]{equation.5.2.25}{II Applications}{}% 17
\BOOKMARK [0][-]{chapter.6}{Calculation of Magnetic Spectral function and Dynamic Magnetic Susceptibility for f-shell materials}{}% 18
\BOOKMARK [1][-]{section.6.1}{Details of theory and calculation techniques}{chapter.6}% 19
\BOOKMARK [1][-]{section.6.2}{Applications to Real Materials}{chapter.6}% 20
\BOOKMARK [0][-]{chapter.7}{Spin State Transition in LaCoO3}{}% 21
\BOOKMARK [1][-]{section.7.1}{Introduction}{chapter.7}% 22
\BOOKMARK [1][-]{section.7.2}{Crystal Structure of LaCoO3}{chapter.7}% 23
\BOOKMARK [1][-]{section.7.3}{Density of States}{chapter.7}% 24
\BOOKMARK [1][-]{section.7.4}{The spin state transition}{chapter.7}% 25
\BOOKMARK [1][-]{section.7.5}{Nature of the excited spin state}{chapter.7}% 26
\BOOKMARK [1][-]{section.7.6}{Contribution of Electronic Entropy}{chapter.7}% 27
\BOOKMARK [1][-]{section.7.7}{Summary}{chapter.7}% 28
\BOOKMARK [0][-]{chapter.8}{Investigation into the inadequacy of cRPA in reproducing screening in strongly correlated systems}{}% 29
\BOOKMARK [1][-]{section.8.1}{Introduction}{chapter.8}% 30
\BOOKMARK [1][-]{section.8.2}{Models and Methods}{chapter.8}% 31
\BOOKMARK [1][-]{section.8.3}{Results}{chapter.8}% 32
\BOOKMARK [1][-]{section.8.4}{Discussion and Conclusion}{chapter.8}% 33
\BOOKMARK [0][-]{chapter.9}{Conclusion}{}% 34
\BOOKMARK [0][-]{chapter.9}{Bibliography}{}% 35
\BOOKMARK [0][-]{appendix.A}{Appendix A. Details of the calculation of Local Screening}{}% 36
