This is pdfTeX, Version 3.14159265-2.6-1.40.16 (TeX Live 2015) (preloaded format=pdflatex 2015.5.24)  28 NOV 2016 01:43
entering extended mode
 restricted \write18 enabled.
 %&-line parsing enabled.
**thesis.tex
(./thesis.tex
LaTeX2e <2015/01/01>
Babel <3.9l> and hyphenation patterns for 79 languages loaded.
(./ruthesis.cls
Document Class: ruthesis 3/22/95 v1.2 Standard LaTeX2e document class
(/usr/local/texlive/2015/texmf-dist/tex/latex/base/report.cls
Document Class: report 2014/09/29 v1.4h Standard LaTeX document class
(/usr/local/texlive/2015/texmf-dist/tex/latex/base/size10.clo
File: size10.clo 2014/09/29 v1.4h Standard LaTeX file (size option)
)
\c@part=\count79
\c@chapter=\count80
\c@section=\count81
\c@subsection=\count82
\c@subsubsection=\count83
\c@paragraph=\count84
\c@subparagraph=\count85
\c@figure=\count86
\c@table=\count87
\abovecaptionskip=\skip41
\belowcaptionskip=\skip42
\bibindent=\dimen102
))
(/usr/local/texlive/2015/texmf-dist/tex/latex/natbib/natbib.sty
Package: natbib 2010/09/13 8.31b (PWD, AO)
\bibhang=\skip43
\bibsep=\skip44
LaTeX Info: Redefining \cite on input line 694.
\c@NAT@ctr=\count88
)
(/usr/local/texlive/2015/texmf-dist/tex/latex/graphics/graphicx.sty
Package: graphicx 2014/10/28 v1.0g Enhanced LaTeX Graphics (DPC,SPQR)

(/usr/local/texlive/2015/texmf-dist/tex/latex/graphics/keyval.sty
Package: keyval 2014/10/28 v1.15 key=value parser (DPC)
\KV@toks@=\toks14
)
(/usr/local/texlive/2015/texmf-dist/tex/latex/graphics/graphics.sty
Package: graphics 2014/10/28 v1.0p Standard LaTeX Graphics (DPC,SPQR)

(/usr/local/texlive/2015/texmf-dist/tex/latex/graphics/trig.sty
Package: trig 1999/03/16 v1.09 sin cos tan (DPC)
)
(/usr/local/texlive/2015/texmf-dist/tex/latex/latexconfig/graphics.cfg
File: graphics.cfg 2010/04/23 v1.9 graphics configuration of TeX Live
)
Package graphics Info: Driver file: pdftex.def on input line 94.

(/usr/local/texlive/2015/texmf-dist/tex/latex/pdftex-def/pdftex.def
File: pdftex.def 2011/05/27 v0.06d Graphics/color for pdfTeX

(/usr/local/texlive/2015/texmf-dist/tex/generic/oberdiek/infwarerr.sty
Package: infwarerr 2010/04/08 v1.3 Providing info/warning/error messages (HO)
)
(/usr/local/texlive/2015/texmf-dist/tex/generic/oberdiek/ltxcmds.sty
Package: ltxcmds 2011/11/09 v1.22 LaTeX kernel commands for general use (HO)
)
\Gread@gobject=\count89
))
\Gin@req@height=\dimen103
\Gin@req@width=\dimen104
)
(/usr/local/texlive/2015/texmf-dist/tex/latex/graphics/lscape.sty
Package: lscape 2000/10/22 v3.01 Landscape Pages (DPC)
)
(/usr/local/texlive/2015/texmf-dist/tex/latex/tools/longtable.sty
Package: longtable 2014/10/28 v4.11 Multi-page Table package (DPC)
\LTleft=\skip45
\LTright=\skip46
\LTpre=\skip47
\LTpost=\skip48
\LTchunksize=\count90
\LTcapwidth=\dimen105
\LT@head=\box26
\LT@firsthead=\box27
\LT@foot=\box28
\LT@lastfoot=\box29
\LT@cols=\count91
\LT@rows=\count92
\c@LT@tables=\count93
\c@LT@chunks=\count94
\LT@p@ftn=\toks15
)
(/usr/local/texlive/2015/texmf-dist/tex/latex/base/latexsym.sty
Package: latexsym 1998/08/17 v2.2e Standard LaTeX package (lasy symbols)
\symlasy=\mathgroup4
LaTeX Font Info:    Overwriting symbol font `lasy' in version `bold'
(Font)                  U/lasy/m/n --> U/lasy/b/n on input line 52.
)
(/usr/local/texlive/2015/texmf-dist/tex/latex/amsmath/amsmath.sty
Package: amsmath 2013/01/14 v2.14 AMS math features
\@mathmargin=\skip49

For additional information on amsmath, use the `?' option.
(/usr/local/texlive/2015/texmf-dist/tex/latex/amsmath/amstext.sty
Package: amstext 2000/06/29 v2.01

(/usr/local/texlive/2015/texmf-dist/tex/latex/amsmath/amsgen.sty
File: amsgen.sty 1999/11/30 v2.0
\@emptytoks=\toks16
\ex@=\dimen106
))
(/usr/local/texlive/2015/texmf-dist/tex/latex/amsmath/amsbsy.sty
Package: amsbsy 1999/11/29 v1.2d
\pmbraise@=\dimen107
)
(/usr/local/texlive/2015/texmf-dist/tex/latex/amsmath/amsopn.sty
Package: amsopn 1999/12/14 v2.01 operator names
)
\inf@bad=\count95
LaTeX Info: Redefining \frac on input line 210.
\uproot@=\count96
\leftroot@=\count97
LaTeX Info: Redefining \overline on input line 306.
\classnum@=\count98
\DOTSCASE@=\count99
LaTeX Info: Redefining \ldots on input line 378.
LaTeX Info: Redefining \dots on input line 381.
LaTeX Info: Redefining \cdots on input line 466.
\Mathstrutbox@=\box30
\strutbox@=\box31
\big@size=\dimen108
LaTeX Font Info:    Redeclaring font encoding OML on input line 566.
LaTeX Font Info:    Redeclaring font encoding OMS on input line 567.
\macc@depth=\count100
\c@MaxMatrixCols=\count101
\dotsspace@=\muskip10
\c@parentequation=\count102
\dspbrk@lvl=\count103
\tag@help=\toks17
\row@=\count104
\column@=\count105
\maxfields@=\count106
\andhelp@=\toks18
\eqnshift@=\dimen109
\alignsep@=\dimen110
\tagshift@=\dimen111
\tagwidth@=\dimen112
\totwidth@=\dimen113
\lineht@=\dimen114
\@envbody=\toks19
\multlinegap=\skip50
\multlinetaggap=\skip51
\mathdisplay@stack=\toks20
LaTeX Info: Redefining \[ on input line 2665.
LaTeX Info: Redefining \] on input line 2666.
)
(/usr/local/texlive/2015/texmf-dist/tex/latex/amsfonts/amssymb.sty
Package: amssymb 2013/01/14 v3.01 AMS font symbols

(/usr/local/texlive/2015/texmf-dist/tex/latex/amsfonts/amsfonts.sty
Package: amsfonts 2013/01/14 v3.01 Basic AMSFonts support
\symAMSa=\mathgroup5
\symAMSb=\mathgroup6
LaTeX Font Info:    Overwriting math alphabet `\mathfrak' in version `bold'
(Font)                  U/euf/m/n --> U/euf/b/n on input line 106.
))
(/usr/local/texlive/2015/texmf-dist/tex/latex/braket/braket.sty) (./thesis.aux)
\openout1 = `thesis.aux'.

LaTeX Font Info:    Checking defaults for OML/cmm/m/it on input line 26.
LaTeX Font Info:    ... okay on input line 26.
LaTeX Font Info:    Checking defaults for T1/cmr/m/n on input line 26.
LaTeX Font Info:    ... okay on input line 26.
LaTeX Font Info:    Checking defaults for OT1/cmr/m/n on input line 26.
LaTeX Font Info:    ... okay on input line 26.
LaTeX Font Info:    Checking defaults for OMS/cmsy/m/n on input line 26.
LaTeX Font Info:    ... okay on input line 26.
LaTeX Font Info:    Checking defaults for OMX/cmex/m/n on input line 26.
LaTeX Font Info:    ... okay on input line 26.
LaTeX Font Info:    Checking defaults for U/cmr/m/n on input line 26.
LaTeX Font Info:    ... okay on input line 26.
(/usr/local/texlive/2015/texmf-dist/tex/context/base/supp-pdf.mkii
[Loading MPS to PDF converter (version 2006.09.02).]
\scratchcounter=\count107
\scratchdimen=\dimen115
\scratchbox=\box32
\nofMPsegments=\count108
\nofMParguments=\count109
\everyMPshowfont=\toks21
\MPscratchCnt=\count110
\MPscratchDim=\dimen116
\MPnumerator=\count111
\makeMPintoPDFobject=\count112
\everyMPtoPDFconversion=\toks22
) (/usr/local/texlive/2015/texmf-dist/tex/generic/oberdiek/pdftexcmds.sty
Package: pdftexcmds 2011/11/29 v0.20 Utility functions of pdfTeX for LuaTeX (HO
)

(/usr/local/texlive/2015/texmf-dist/tex/generic/oberdiek/ifluatex.sty
Package: ifluatex 2010/03/01 v1.3 Provides the ifluatex switch (HO)
Package ifluatex Info: LuaTeX not detected.
)
(/usr/local/texlive/2015/texmf-dist/tex/generic/oberdiek/ifpdf.sty
Package: ifpdf 2011/01/30 v2.3 Provides the ifpdf switch (HO)
Package ifpdf Info: pdfTeX in PDF mode is detected.
)
Package pdftexcmds Info: LuaTeX not detected.
Package pdftexcmds Info: \pdf@primitive is available.
Package pdftexcmds Info: \pdf@ifprimitive is available.
Package pdftexcmds Info: \pdfdraftmode found.
)
(/usr/local/texlive/2015/texmf-dist/tex/latex/oberdiek/epstopdf-base.sty
Package: epstopdf-base 2010/02/09 v2.5 Base part for package epstopdf

(/usr/local/texlive/2015/texmf-dist/tex/latex/oberdiek/grfext.sty
Package: grfext 2010/08/19 v1.1 Manage graphics extensions (HO)

(/usr/local/texlive/2015/texmf-dist/tex/generic/oberdiek/kvdefinekeys.sty
Package: kvdefinekeys 2011/04/07 v1.3 Define keys (HO)
))
(/usr/local/texlive/2015/texmf-dist/tex/latex/oberdiek/kvoptions.sty
Package: kvoptions 2011/06/30 v3.11 Key value format for package options (HO)

(/usr/local/texlive/2015/texmf-dist/tex/generic/oberdiek/kvsetkeys.sty
Package: kvsetkeys 2012/04/25 v1.16 Key value parser (HO)

(/usr/local/texlive/2015/texmf-dist/tex/generic/oberdiek/etexcmds.sty
Package: etexcmds 2011/02/16 v1.5 Avoid name clashes with e-TeX commands (HO)
Package etexcmds Info: Could not find \expanded.
(etexcmds)             That can mean that you are not using pdfTeX 1.50 or
(etexcmds)             that some package has redefined \expanded.
(etexcmds)             In the latter case, load this package earlier.
)))
Package grfext Info: Graphics extension search list:
(grfext)             [.png,.pdf,.jpg,.mps,.jpeg,.jbig2,.jb2,.PNG,.PDF,.JPG,.JPE
G,.JBIG2,.JB2,.eps]
(grfext)             \AppendGraphicsExtensions on input line 452.

(/usr/local/texlive/2015/texmf-dist/tex/latex/latexconfig/epstopdf-sys.cfg
File: epstopdf-sys.cfg 2010/07/13 v1.3 Configuration of (r)epstopdf for TeX Liv
e
))
Acknowledgments
[1


Non-PDF special ignored!

{/usr/local/texlive/2015/texmf-var/fonts/map/pdftex/updmap/pdftex.map}]
Dedication
[2

] (./thesis.toc
LaTeX Font Info:    Try loading font information for U+lasy on input line 1.
 (/usr/local/texlive/2015/texmf-dist/tex/latex/base/ulasy.fd
File: ulasy.fd 1998/08/17 v2.2e LaTeX symbol font definitions
)
LaTeX Font Info:    Try loading font information for U+msa on input line 1.

(/usr/local/texlive/2015/texmf-dist/tex/latex/amsfonts/umsa.fd
File: umsa.fd 2013/01/14 v3.01 AMS symbols A
)
LaTeX Font Info:    Try loading font information for U+msb on input line 1.

(/usr/local/texlive/2015/texmf-dist/tex/latex/amsfonts/umsb.fd
File: umsb.fd 2013/01/14 v3.01 AMS symbols B
) [3

])
\tf@toc=\write3
\openout3 = `thesis.toc'.

 [4]
(./thesis.lot
Overfull \hbox (9.76654pt too wide) in paragraph at lines 1--1
 [][] []\OT1/cmr/m/n/10 Values of the or-bital ($\OML/cmm/m/it/10 ^^V[]$\OT1/cm
r/m/n/10 ) and spin $\OML/cmm/m/it/10 ^^V[]$ \OT1/cmr/m/n/10 mag-netic mo-ment 
as ob-tained in our DFT+DMFT 
 []

)
\tf@lot=\write4
\openout4 = `thesis.lot'.

 [5

] (./thesis.lof [6

]
Overfull \hbox (3.27242pt too wide) in paragraph at lines 14--14
 [][] []$\OML/cmm/m/it/10 u[]$ \OT1/cmr/m/n/10 and $\OML/cmm/m/it/10 W[]$ \OT1/
cmr/m/n/10 of the dp(dps) model pre-dicted by (c)RPA is shown in red (blue).The
 
 []

)
\tf@lof=\write5
\openout5 = `thesis.lof'.

 [7]
Chapter 1.

Underfull \hbox (badness 10000) in paragraph at lines 100--102

 []

[1

] [2] [3]
Chapter 2.
[4

] [5] [6] [7]
Chapter 3.
[8

] [9]

LaTeX Warning: Command \i invalid in math mode on input line 271.


LaTeX Warning: Command \i invalid in math mode on input line 271.

[10]
LaTeX Font Info:    Try loading font information for OMS+cmr on input line 292.

 (/usr/local/texlive/2015/texmf-dist/tex/latex/base/omscmr.fd
File: omscmr.fd 2014/09/29 v2.5h Standard LaTeX font definitions
)
LaTeX Font Info:    Font shape `OMS/cmr/m/n' in size <10> not available
(Font)              Font shape `OMS/cmsy/m/n' tried instead on input line 292.
 [11]
Chapter 4.
[12

] [13] [14] [15] <Dmft_loop.jpg, id=88, 722.7pt x 406.51875pt>
File: Dmft_loop.jpg Graphic file (type jpg)

<use Dmft_loop.jpg>
Package pdftex.def Info: Dmft_loop.jpg used on input line 460.
(pdftex.def)             Requested size: 433.62pt x 243.91312pt.
 [16] [17 <./Dmft_loop.jpg>] [18]
Chapter 5.
[19

] [20] [21] [22] [23]
Chapter 6.
[24

] [25] [26] [27] [28] [29]

LaTeX Warning: Command \r invalid in math mode on input line 834.


LaTeX Warning: Command \r invalid in math mode on input line 835.

Package epstopdf Info: Source file: <Fig1.eps>
(epstopdf)                    date: 2016-11-17 20:23:10
(epstopdf)                    size: 38266 bytes
(epstopdf)             Output file: <Fig1-eps-converted-to.pdf>
(epstopdf)                    date: 2016-11-17 20:28:05
(epstopdf)                    size: 30829 bytes
(epstopdf)             Command: <repstopdf --outfile=Fig1-eps-converted-to.pdf 
Fig1.eps>
(epstopdf)             \includegraphics on input line 843.
Package epstopdf Info: Output file is already uptodate.
<Fig1-eps-converted-to.pdf, id=134, 578.16pt x 433.62pt>
File: Fig1-eps-converted-to.pdf Graphic file (type pdf)

<use Fig1-eps-converted-to.pdf>
Package pdftex.def Info: Fig1-eps-converted-to.pdf used on input line 843.
(pdftex.def)             Requested size: 429.28616pt x 321.9655pt.
 [30] [31 <./Fig1-eps-converted-to.pdf>]
Package epstopdf Info: Source file: <Fig2.eps>
(epstopdf)                    date: 2016-11-17 20:23:10
(epstopdf)                    size: 51800 bytes
(epstopdf)             Output file: <Fig2-eps-converted-to.pdf>
(epstopdf)                    date: 2016-11-17 20:28:05
(epstopdf)                    size: 30586 bytes
(epstopdf)             Command: <repstopdf --outfile=Fig2-eps-converted-to.pdf 
Fig2.eps>
(epstopdf)             \includegraphics on input line 939.
Package epstopdf Info: Output file is already uptodate.

<Fig2-eps-converted-to.pdf, id=188, 578.16pt x 433.62pt>
File: Fig2-eps-converted-to.pdf Graphic file (type pdf)

<use Fig2-eps-converted-to.pdf>
Package pdftex.def Info: Fig2-eps-converted-to.pdf used on input line 939.
(pdftex.def)             Requested size: 429.28616pt x 321.9655pt.
 [32] [33 <./Fig2-eps-converted-to.pdf>]
Package epstopdf Info: Source file: <Fig3a.eps>
(epstopdf)                    date: 2016-11-17 20:23:10
(epstopdf)                    size: 1281413 bytes
(epstopdf)             Output file: <Fig3a-eps-converted-to.pdf>
(epstopdf)                    date: 2016-11-17 20:28:05
(epstopdf)                    size: 56069 bytes
(epstopdf)             Command: <repstopdf --outfile=Fig3a-eps-converted-to.pdf
 Fig3a.eps>
(epstopdf)             \includegraphics on input line 1053.
Package epstopdf Info: Output file is already uptodate.

<Fig3a-eps-converted-to.pdf, id=250, 578.16pt x 433.62pt>
File: Fig3a-eps-converted-to.pdf Graphic file (type pdf)

<use Fig3a-eps-converted-to.pdf>
Package pdftex.def Info: Fig3a-eps-converted-to.pdf used on input line 1053.
(pdftex.def)             Requested size: 216.81pt x 162.6071pt.
 <Fig3b.png, id=251, 347.2975pt x 385.44pt>
File: Fig3b.png Graphic file (type png)

<use Fig3b.png>
Package pdftex.def Info: Fig3b.png used on input line 1054.
(pdftex.def)             Requested size: 216.81pt x 240.62886pt.
 [34] [35 <./Fig3a-eps-converted-to.pdf> <./Fig3b.png>] [36]
[37]
Overfull \hbox (7.43646pt too wide) in paragraph at lines 1120--1121
[]\OT1/cmr/m/n/10 Finally we show in fig-ure \OT1/cmr/bx/n/10 put in fig-ures t
he-ory and expt \OT1/cmr/m/n/10 the $\OML/cmm/m/it/10 S\OT1/cmr/m/n/10 (\OML/cm
m/m/it/10 q; !\OT1/cmr/m/n/10 )$ for $\OML/cmm/m/it/10 ^^N$\OT1/cmr/m/n/10 -Pu 
us-ing DFT+DMFT
 []

[38]
Chapter 7.
[39

] [40]
<plots_final/supplement_plots/perovskite_struct.jpg, id=314, 708.6475pt x 725.7
1124pt>
File: plots_final/supplement_plots/perovskite_struct.jpg Graphic file (type jpg
)
 <use plots_final/supplement_plots/perovskite_struct.jpg>
Package pdftex.def Info: plots_final/supplement_plots/perovskite_struct.jpg use
d on input line 1149.
(pdftex.def)             Requested size: 211.70921pt x 216.81pt.

<plots_final/supplement_plots/a-a-a-_struct.jpg, id=315, 715.67375pt x 638.385p
t>
File: plots_final/supplement_plots/a-a-a-_struct.jpg Graphic file (type jpg)
 <use plots_final/supplement_plots/a-a-a-_struct.jpg>
Package pdftex.def Info: plots_final/supplement_plots/a-a-a-_struct.jpg used on
 input line 1157.
(pdftex.def)             Requested size: 243.05284pt x 216.81pt.
 [41 <./plots_final/supplement_plots/perovskite_struct.jpg>]
<plots_final/output/New_Dos.png, id=320, 1104.2856pt x 630.1944pt>
File: plots_final/output/New_Dos.png Graphic file (type png)

<use plots_final/output/New_Dos.png>
Package pdftex.def Info: plots_final/output/New_Dos.png used on input line 1173
.
(pdftex.def)             Requested size: 433.62pt x 247.45761pt.

<plots_final/output/fig2.png, id=321, 618.6312pt x 429.2838pt>
File: plots_final/output/fig2.png Graphic file (type png)

<use plots_final/output/fig2.png>
Package pdftex.def Info: plots_final/output/fig2.png used on input line 1180.
(pdftex.def)             Requested size: 433.62pt x 300.89618pt.
 [42 <./plots_final/supplement_plots/a-a-a-_struct.jpg>] [43 <./plots_final/out
put/New_Dos.png>] [44 <./plots_final/output/fig2.png>] <./plots_final/output/Ne
w_Sz.png, id=334, 919.9971pt x 1047.915pt>
File: ./plots_final/output/New_Sz.png Graphic file (type png)

<use ./plots_final/output/New_Sz.png>
Package pdftex.def Info: ./plots_final/output/New_Sz.png used on input line 120
6.
(pdftex.def)             Requested size: 433.62pt x 493.91124pt.

<./plots_final/output/hist_final.png, id=335, 2340.8253pt x 1232.2035pt>
File: ./plots_final/output/hist_final.png Graphic file (type png)

<use ./plots_final/output/hist_final.png>
Package pdftex.def Info: ./plots_final/output/hist_final.png used on input line
 1213.
(pdftex.def)             Requested size: 433.62pt x 228.25491pt.
 [45] [46 <./plots_final/output/New_Sz.png>]
Overfull \hbox (18.01967pt too wide) in paragraph at lines 1221--1222
\OT1/cmr/m/n/10 According to the en-tropy driven tran-si-tion scene-rio, which 
is sup-ported by calori-met-ric measurements[[]],
 []

[47 <./plots_final/output/hist_final.png>] [48]
Chapter 8.
[49

] [50]
<./plotForpublishing/pd+dps_band_struc.png, id=357, 650.43pt x 650.43pt>
File: ./plotForpublishing/pd+dps_band_struc.png Graphic file (type png)

<use ./plotForpublishing/pd+dps_band_struc.png>
Package pdftex.def Info: ./plotForpublishing/pd+dps_band_struc.png used on inpu
t line 1281.
(pdftex.def)             Requested size: 433.62pt x 433.63216pt.


LaTeX Warning: `h' float specifier changed to `ht'.

[51] [52] <./plotForpublishing/RPA.png, id=364, 1046.91125pt x 224.84pt>
File: ./plotForpublishing/RPA.png Graphic file (type png)

<use ./plotForpublishing/RPA.png>
Package pdftex.def Info: ./plotForpublishing/RPA.png used on input line 1327.
(pdftex.def)             Requested size: 433.61342pt x 57.81546pt.


LaTeX Warning: `h' float specifier changed to `ht'.


Underfull \hbox (badness 10000) in paragraph at lines 1334--1353

 []

[53]
Underfull \hbox (badness 1033) in paragraph at lines 1363--1363
[][]\OT1/cmr/m/n/8 We prove this us-ing Eq. [8.9[]].In the case of dp model,the
 off-diagonal hy-bridiza-tion func-tion $^^A[] \OMS/cmsy/m/n/8 /
 []


Overfull \hbox (3.31128pt too wide) in paragraph at lines 1373--1376
\OT1/cmr/m/n/10 The lat-tice self-energy and Green's func-tion are ob-tained by
 it-er-at-ing our equa-tions to self-consistency.
 []

[54] <./plotForpublishing/pd+dpssigma.png, id=379, 578.16pt x 433.62pt>
File: ./plotForpublishing/pd+dpssigma.png Graphic file (type png)

<use ./plotForpublishing/pd+dpssigma.png>
Package pdftex.def Info: ./plotForpublishing/pd+dpssigma.png used on input line
 1393.
(pdftex.def)             Requested size: 433.62pt x 325.2142pt.

<./plotForpublishing/dp+pds_Udduw.png, id=380, 578.16pt x 433.62pt>
File: ./plotForpublishing/dp+pds_Udduw.png Graphic file (type png)

<use ./plotForpublishing/dp+pds_Udduw.png>
Package pdftex.def Info: ./plotForpublishing/dp+pds_Udduw.png used on input lin
e 1398.
(pdftex.def)             Requested size: 433.62pt x 325.2142pt.

<./plotForpublishing/doscmp_barecRPA.png, id=381, 578.16pt x 433.62pt>
File: ./plotForpublishing/doscmp_barecRPA.png Graphic file (type png)

<use ./plotForpublishing/doscmp_barecRPA.png>
Package pdftex.def Info: ./plotForpublishing/doscmp_barecRPA.png used on input 
line 1402.
(pdftex.def)             Requested size: 433.62pt x 325.2142pt.
 [55]
<./plotForpublishing/dp+dps_qpw.png, id=385, 578.16pt x 433.62pt>
File: ./plotForpublishing/dp+dps_qpw.png Graphic file (type png)

<use ./plotForpublishing/dp+dps_qpw.png>
Package pdftex.def Info: ./plotForpublishing/dp+dps_qpw.png used on input line 
1416.
(pdftex.def)             Requested size: 433.62pt x 325.2142pt.

<./plotForpublishing/nd_obto_dp.png, id=386, 578.16pt x 433.62pt>
File: ./plotForpublishing/nd_obto_dp.png Graphic file (type png)

<use ./plotForpublishing/nd_obto_dp.png>
Package pdftex.def Info: ./plotForpublishing/nd_obto_dp.png used on input line 
1421.
(pdftex.def)             Requested size: 433.62pt x 325.2142pt.
 [56]

LaTeX Warning: Reference `App.A' on page 57 undefined on input line 1432.

<./plotForpublishing/ExactWUrpaWU/tbUdd3.png, id=390, 578.16pt x 433.62pt>
File: ./plotForpublishing/ExactWUrpaWU/tbUdd3.png Graphic file (type png)

<use ./plotForpublishing/ExactWUrpaWU/tbUdd3.png>
Package pdftex.def Info: ./plotForpublishing/ExactWUrpaWU/tbUdd3.png used on in
put line 1436.
(pdftex.def)             Requested size: 433.62pt x 325.2142pt.

<./plotForpublishing/ExactWUrpaWU/tbUdd4p5.png, id=391, 578.16pt x 433.62pt>
File: ./plotForpublishing/ExactWUrpaWU/tbUdd4p5.png Graphic file (type png)

<use ./plotForpublishing/ExactWUrpaWU/tbUdd4p5.png>
Package pdftex.def Info: ./plotForpublishing/ExactWUrpaWU/tbUdd4p5.png used on 
input line 1437.
(pdftex.def)             Requested size: 433.62pt x 325.2142pt.


LaTeX Warning: Float too large for page by 60.94286pt on input line 1439.

<./plotForpublishing/pddoscmpUdd3_locW.png, id=392, 578.16pt x 433.62pt>
File: ./plotForpublishing/pddoscmpUdd3_locW.png Graphic file (type png)

<use ./plotForpublishing/pddoscmpUdd3_locW.png>
Package pdftex.def Info: ./plotForpublishing/pddoscmpUdd3_locW.png used on inpu
t line 1457.
(pdftex.def)             Requested size: 433.62pt x 325.2142pt.

<./plotForpublishing/pddoscmpUdd4p5_locW.png, id=393, 578.16pt x 433.62pt>
File: ./plotForpublishing/pddoscmpUdd4p5_locW.png Graphic file (type png)

<use ./plotForpublishing/pddoscmpUdd4p5_locW.png>
Package pdftex.def Info: ./plotForpublishing/pddoscmpUdd4p5_locW.png used on in
put line 1458.
(pdftex.def)             Requested size: 433.62pt x 325.2142pt.


LaTeX Warning: Float too large for page by 49.49841pt on input line 1460.

[57] [58] [59] [60 <./plotForpublishing/pd+dps_band_struc.png> <./plotForpublis
hing/RPA.png>] [61 <./plotForpublishing/pd+dpssigma.png>] [62 <./plotForpublish
ing/dp+pds_Udduw.png>] [63 <./plotForpublishing/doscmp_barecRPA.png>] [64 <./pl
otForpublishing/dp+dps_qpw.png>] [65 <./plotForpublishing/nd_obto_dp.png>]
[66 <./plotForpublishing/ExactWUrpaWU/tbUdd3.png> <./plotForpublishing/ExactWUr
paWU/tbUdd4p5.png>] [67 <./plotForpublishing/pddoscmpUdd3_locW.png> <./plotForp
ublishing/pddoscmpUdd4p5_locW.png>]
Chapter 9.
[68

] (./thesis.bbl [69


] [70]
Missing character: There is no ‚ in font cmr10!
Missing character: There is no Ä in font cmr10!
Missing character: There is no ú in font cmr10!
Missing character: There is no ‚ in font cmr10!
Missing character: There is no Ä in font cmr10!
Missing character: There is no ù in font cmr10!
Missing character: There is no ‚ in font cmr10!
Missing character: There is no Ä in font cmr10!
Missing character: There is no ì in font cmr10!
 [71] [72]
Missing character: There is no ‚ in font cmr10!
Missing character: There is no â in font cmr10!
Missing character: There is no § in font cmr10!
Missing character: There is no ‚ in font cmr10!
Missing character: There is no â in font cmr10!
Missing character: There is no § in font cmr10!
 [73] [74] [75] [76] [77]) [78]
(./thesis.aux)

LaTeX Warning: There were undefined references.

 )
(\end occurred inside a group at level 1)

### simple group (level 1) entered at line 576 ({)
### bottom level 
Here is how much of TeX's memory you used:
 3574 strings out of 493089
 51642 string characters out of 6134842
 113640 words of memory out of 5000000
 6954 multiletter control sequences out of 15000+600000
 15477 words of font info for 63 fonts, out of 8000000 for 9000
 1141 hyphenation exceptions out of 8191
 38i,19n,27p,3097b,663s stack positions out of 5000i,500n,10000p,200000b,80000s
</usr/local/texlive/2015/texmf-dist/fonts/type1/public/amsfonts
/cm/cmbx10.pfb></usr/local/texlive/2015/texmf-dist/fonts/type1/public/amsfonts/
cm/cmbx12.pfb></usr/local/texlive/2015/texmf-dist/fonts/type1/public/amsfonts/c
m/cmbx6.pfb></usr/local/texlive/2015/texmf-dist/fonts/type1/public/amsfonts/cm/
cmbx7.pfb></usr/local/texlive/2015/texmf-dist/fonts/type1/public/amsfonts/cm/cm
bx8.pfb></usr/local/texlive/2015/texmf-dist/fonts/type1/public/amsfonts/cm/cmex
10.pfb></usr/local/texlive/2015/texmf-dist/fonts/type1/public/amsfonts/cmextra/
cmex7.pfb></usr/local/texlive/2015/texmf-dist/fonts/type1/public/amsfonts/cmext
ra/cmex8.pfb></usr/local/texlive/2015/texmf-dist/fonts/type1/public/amsfonts/cm
/cmmi10.pfb></usr/local/texlive/2015/texmf-dist/fonts/type1/public/amsfonts/cm/
cmmi5.pfb></usr/local/texlive/2015/texmf-dist/fonts/type1/public/amsfonts/cm/cm
mi6.pfb></usr/local/texlive/2015/texmf-dist/fonts/type1/public/amsfonts/cm/cmmi
7.pfb></usr/local/texlive/2015/texmf-dist/fonts/type1/public/amsfonts/cm/cmmi8.
pfb></usr/local/texlive/2015/texmf-dist/fonts/type1/public/amsfonts/cm/cmr10.pf
b></usr/local/texlive/2015/texmf-dist/fonts/type1/public/amsfonts/cm/cmr5.pfb><
/usr/local/texlive/2015/texmf-dist/fonts/type1/public/amsfonts/cm/cmr6.pfb></us
r/local/texlive/2015/texmf-dist/fonts/type1/public/amsfonts/cm/cmr7.pfb></usr/l
ocal/texlive/2015/texmf-dist/fonts/type1/public/amsfonts/cm/cmr8.pfb></usr/loca
l/texlive/2015/texmf-dist/fonts/type1/public/amsfonts/cm/cmsy10.pfb></usr/local
/texlive/2015/texmf-dist/fonts/type1/public/amsfonts/cm/cmsy5.pfb></usr/local/t
exlive/2015/texmf-dist/fonts/type1/public/amsfonts/cm/cmsy6.pfb></usr/local/tex
live/2015/texmf-dist/fonts/type1/public/amsfonts/cm/cmsy7.pfb></usr/local/texli
ve/2015/texmf-dist/fonts/type1/public/amsfonts/cm/cmsy8.pfb></usr/local/texlive
/2015/texmf-dist/fonts/type1/public/amsfonts/cm/cmti10.pfb></usr/local/texlive/
2015/texmf-dist/fonts/type1/public/amsfonts/cm/cmti7.pfb></usr/local/texlive/20
15/texmf-dist/fonts/type1/public/amsfonts/symbols/msam10.pfb></usr/local/texliv
e/2015/texmf-dist/fonts/type1/public/amsfonts/symbols/msbm10.pfb></usr/local/te
xlive/2015/texmf-dist/fonts/type1/public/amsfonts/symbols/msbm5.pfb></usr/local
/texlive/2015/texmf-dist/fonts/type1/public/amsfonts/symbols/msbm7.pfb>
Output written on thesis.pdf (85 pages, 2428018 bytes).
PDF statistics:
 572 PDF objects out of 1000 (max. 8388607)
 310 compressed objects within 4 object streams
 0 named destinations out of 1000 (max. 500000)
 123 words of extra memory for PDF output out of 10000 (max. 10000000)

